<?xml version="1.0" encoding="UTF-8"?>
<testsuite name="com.hr.fwc.application.service.WorkerRegistrationServiceIntegrationTest" tests="3" skipped="0" failures="0" errors="0" timestamp="2026-02-19T14:47:10.080Z" hostname="mojaeyeong-ui-MacBookPro.local" time="0.013">
  <properties/>
  <testcase name="미국 E-7 근로자 등록 시 국민연금 면제 확인" classname="com.hr.fwc.application.service.WorkerRegistrationServiceIntegrationTest" time="0.006"/>
  <testcase name="F-6 결혼이민자 등록 시 고용보험 의무가입 확인" classname="com.hr.fwc.application.service.WorkerRegistrationServiceIntegrationTest" time="0.003"/>
  <testcase name="베트남 E-9 근로자 등록 시 보험 판단 및 데드라인 생성" classname="com.hr.fwc.application.service.WorkerRegistrationServiceIntegrationTest" time="0.004"/>
  <system-out><![CDATA[2026-02-19T23:47:10.078+09:00  INFO 44837 --- [foreign-worker-compliance] [    Test worker] t.c.s.AnnotationConfigContextLoaderUtils : Could not detect default configuration classes for test class [com.hr.fwc.application.service.WorkerRegistrationServiceIntegrationTest]: WorkerRegistrationServiceIntegrationTest does not declare any static, non-private, non-final, nested classes annotated with @Configuration.
2026-02-19T23:47:10.079+09:00  INFO 44837 --- [foreign-worker-compliance] [    Test worker] .b.t.c.SpringBootTestContextBootstrapper : Found @SpringBootConfiguration com.hr.fwc.ForeignWorkerComplianceApplication for test class com.hr.fwc.application.service.WorkerRegistrationServiceIntegrationTest
Hibernate: insert into foreign_workers (created_at,contract_end_date,contract_start_date,workplace_id,nationality,contact_email,contact_phone,name,passport_number,updated_at,entry_date,registration_number,visa_expiry_date,visa_type,id) values (?,?,?,?,?,?,?,?,?,?,?,?,?,?,default)
Hibernate: insert into compliance_deadlines (deadline_type,description,due_date,status,worker_id,id) values (?,?,?,?,?,default)
Hibernate: insert into compliance_deadlines (deadline_type,description,due_date,status,worker_id,id) values (?,?,?,?,?,default)
Hibernate: insert into foreign_workers (created_at,contract_end_date,contract_start_date,workplace_id,nationality,contact_email,contact_phone,name,passport_number,updated_at,entry_date,registration_number,visa_expiry_date,visa_type,id) values (?,?,?,?,?,?,?,?,?,?,?,?,?,?,default)
Hibernate: insert into compliance_deadlines (deadline_type,description,due_date,status,worker_id,id) values (?,?,?,?,?,default)
Hibernate: insert into compliance_deadlines (deadline_type,description,due_date,status,worker_id,id) values (?,?,?,?,?,default)
Hibernate: insert into foreign_workers (created_at,contract_end_date,contract_start_date,workplace_id,nationality,contact_email,contact_phone,name,passport_number,updated_at,entry_date,registration_number,visa_expiry_date,visa_type,id) values (?,?,?,?,?,?,?,?,?,?,?,?,?,?,default)
Hibernate: insert into compliance_deadlines (deadline_type,description,due_date,status,worker_id,id) values (?,?,?,?,?,default)
Hibernate: insert into compliance_deadlines (deadline_type,description,due_date,status,worker_id,id) values (?,?,?,?,?,default)
Hibernate: select cd1_0.id,cd1_0.deadline_type,cd1_0.description,cd1_0.due_date,cd1_0.status,cd1_0.worker_id from compliance_deadlines cd1_0 where cd1_0.worker_id=?
]]></system-out>
  <system-err><![CDATA[]]></system-err>
</testsuite>
