<?xml version="1.0" encoding="UTF-8"?>
<testsuite name="com.hr.fwc.domain.compliance.ComplianceDeadlineTest" tests="6" skipped="0" failures="0" errors="0" timestamp="2026-02-19T14:47:10.093Z" hostname="mojaeyeong-ui-MacBookPro.local" time="0.002">
  <properties/>
  <testcase name="D-30 이내이면 APPROACHING 상태" classname="com.hr.fwc.domain.compliance.ComplianceDeadlineTest" time="0.001"/>
  <testcase name="완료 처리 시 COMPLETED 상태" classname="com.hr.fwc.domain.compliance.ComplianceDeadlineTest" time="0.0"/>
  <testcase name="D-90 이상이면 PENDING 상태" classname="com.hr.fwc.domain.compliance.ComplianceDeadlineTest" time="0.0"/>
  <testcase name="기한 초과 시 OVERDUE 상태" classname="com.hr.fwc.domain.compliance.ComplianceDeadlineTest" time="0.0"/>
  <testcase name="날짜 변경 시 상태 자동 재계산" classname="com.hr.fwc.domain.compliance.ComplianceDeadlineTest" time="0.0"/>
  <testcase name="D-7 이내이면 URGENT 상태" classname="com.hr.fwc.domain.compliance.ComplianceDeadlineTest" time="0.0"/>
  <system-out><![CDATA[]]></system-out>
  <system-err><![CDATA[]]></system-err>
</testsuite>
