<?xml version="1.0" encoding="UTF-8"?>
<testsuite name="com.hr.fwc.application.service.ComplianceDashboardServiceIntegrationTest" tests="3" skipped="0" failures="0" errors="0" timestamp="2026-02-19T15:03:42.070Z" hostname="mojaeyeong-ui-MacBookPro.local" time="0.428">
  <properties/>
  <testcase name="임박한 데드라인 조회 (30일 이내)" classname="com.hr.fwc.application.service.ComplianceDashboardServiceIntegrationTest" time="0.416"/>
  <testcase name="특정 근로자의 데드라인 조회" classname="com.hr.fwc.application.service.ComplianceDashboardServiceIntegrationTest" time="0.005"/>
  <testcase name="기한 초과 데드라인 조회" classname="com.hr.fwc.application.service.ComplianceDashboardServiceIntegrationTest" time="0.006"/>
  <system-out><![CDATA[00:03:40.055 [Test worker] INFO org.springframework.test.context.support.AnnotationConfigContextLoaderUtils -- Could not detect default configuration classes for test class [com.hr.fwc.application.service.ComplianceDashboardServiceIntegrationTest]: ComplianceDashboardServiceIntegrationTest does not declare any static, non-private, non-final, nested classes annotated with @Configuration.
00:03:40.094 [Test worker] INFO org.springframework.boot.test.context.SpringBootTestContextBootstrapper -- Found @SpringBootConfiguration com.hr.fwc.ForeignWorkerComplianceApplication for test class com.hr.fwc.application.service.ComplianceDashboardServiceIntegrationTest

  .   ____          _            __ _ _
 /\\ / ___'_ __ _ _(_)_ __  __ _ \ \ \ \
( ( )\___ | '_ | '_| | '_ \/ _` | \ \ \ \
 \\/  ___)| |_)| | | | | || (_| |  ) ) ) )
  '  |____| .__|_| |_|_| |_\__, | / / / /
 =========|_|==============|___/=/_/_/_/

 :: Spring Boot ::                (v3.3.7)

2026-02-20T00:03:40.214+09:00  INFO 47840 --- [foreign-worker-compliance] [    Test worker] omplianceDashboardServiceIntegrationTest : Starting ComplianceDashboardServiceIntegrationTest using Java 21.0.10 with PID 47840 (started by mojaeyeong in /Users/mojaeyeong/Documents/ownProject/foreign-worker-compliance)
2026-02-20T00:03:40.214+09:00  INFO 47840 --- [foreign-worker-compliance] [    Test worker] omplianceDashboardServiceIntegrationTest : No active profile set, falling back to 1 default profile: "default"
2026-02-20T00:03:40.425+09:00  INFO 47840 --- [foreign-worker-compliance] [    Test worker] .s.d.r.c.RepositoryConfigurationDelegate : Bootstrapping Spring Data JPA repositories in DEFAULT mode.
2026-02-20T00:03:40.447+09:00  INFO 47840 --- [foreign-worker-compliance] [    Test worker] .s.d.r.c.RepositoryConfigurationDelegate : Finished Spring Data repository scanning in 19 ms. Found 3 JPA repository interfaces.
2026-02-20T00:03:40.605+09:00  INFO 47840 --- [foreign-worker-compliance] [    Test worker] o.hibernate.jpa.internal.util.LogHelper  : HHH000204: Processing PersistenceUnitInfo [name: default]
2026-02-20T00:03:40.625+09:00  INFO 47840 --- [foreign-worker-compliance] [    Test worker] org.hibernate.Version                    : HHH000412: Hibernate ORM core version 6.5.3.Final
2026-02-20T00:03:40.637+09:00  INFO 47840 --- [foreign-worker-compliance] [    Test worker] o.h.c.internal.RegionFactoryInitiator    : HHH000026: Second-level cache disabled
2026-02-20T00:03:40.733+09:00  INFO 47840 --- [foreign-worker-compliance] [    Test worker] o.s.o.j.p.SpringPersistenceUnitInfo      : No LoadTimeWeaver setup: ignoring JPA class transformer
2026-02-20T00:03:40.743+09:00  INFO 47840 --- [foreign-worker-compliance] [    Test worker] com.zaxxer.hikari.HikariDataSource       : HikariPool-1 - Starting...
2026-02-20T00:03:40.803+09:00  INFO 47840 --- [foreign-worker-compliance] [    Test worker] com.zaxxer.hikari.pool.HikariPool        : HikariPool-1 - Added connection conn0: url=jdbc:h2:mem:fwcdb user=SA
2026-02-20T00:03:40.804+09:00  INFO 47840 --- [foreign-worker-compliance] [    Test worker] com.zaxxer.hikari.HikariDataSource       : HikariPool-1 - Start completed.
2026-02-20T00:03:40.813+09:00  WARN 47840 --- [foreign-worker-compliance] [    Test worker] org.hibernate.orm.deprecation            : HHH90000025: H2Dialect does not need to be specified explicitly using 'hibernate.dialect' (remove the property setting and it will be selected by default)
2026-02-20T00:03:41.448+09:00  INFO 47840 --- [foreign-worker-compliance] [    Test worker] o.h.e.t.j.p.i.JtaPlatformInitiator       : HHH000489: No JTA platform available (set 'hibernate.transaction.jta.platform' to enable JTA platform integration)
Hibernate: drop table if exists compliance_deadlines cascade 
Hibernate: drop table if exists foreign_workers cascade 
Hibernate: drop table if exists workplaces cascade 
Hibernate: create table compliance_deadlines (due_date date not null, id bigint generated by default as identity, worker_id bigint not null, description varchar(500), deadline_type enum ('CHANGE_REPORT','CONTRACT_RENEWAL','INSURANCE_ENROLLMENT','VISA_EXPIRY') not null, status enum ('APPROACHING','COMPLETED','OVERDUE','PENDING','URGENT') not null, primary key (id))
Hibernate: create table foreign_workers (contract_end_date date, contract_start_date date not null, entry_date date not null, visa_expiry_date date not null, created_at timestamp(6) not null, id bigint generated by default as identity, updated_at timestamp(6) not null, workplace_id bigint, contact_phone varchar(20), registration_number varchar(20), passport_number varchar(50), contact_email varchar(100), name varchar(100) not null, nationality enum ('AUSTRALIA','BANGLADESH','CAMBODIA','CANADA','CHINA','FRANCE','GERMANY','INDONESIA','JAPAN','KAZAKHSTAN','KYRGYZSTAN','MONGOLIA','MYANMAR','NEPAL','NEW_ZEALAND','PAKISTAN','PHILIPPINES','SRI_LANKA','TAJIKISTAN','THAILAND','UK','USA','UZBEKISTAN','VIETNAM') not null, visa_type enum ('E7','E7_4','E8','E9','F2','F5','F6','H2') not null, primary key (id))
Hibernate: create table workplaces (created_at timestamp(6) not null, id bigint generated by default as identity, business_number varchar(20) not null, contact_phone varchar(20), name varchar(100) not null, address varchar(200), primary key (id))
2026-02-20T00:03:41.518+09:00  INFO 47840 --- [foreign-worker-compliance] [    Test worker] j.LocalContainerEntityManagerFactoryBean : Initialized JPA EntityManagerFactory for persistence unit 'default'
2026-02-20T00:03:41.878+09:00  WARN 47840 --- [foreign-worker-compliance] [    Test worker] JpaBaseConfiguration$JpaWebConfiguration : spring.jpa.open-in-view is enabled by default. Therefore, database queries may be performed during view rendering. Explicitly configure spring.jpa.open-in-view to disable this warning
2026-02-20T00:03:42.029+09:00  INFO 47840 --- [foreign-worker-compliance] [    Test worker] o.s.b.a.h2.H2ConsoleAutoConfiguration    : H2 console available at '/h2-console'. Database available at 'jdbc:h2:mem:fwcdb'
2026-02-20T00:03:42.063+09:00  INFO 47840 --- [foreign-worker-compliance] [    Test worker] omplianceDashboardServiceIntegrationTest : Started ComplianceDashboardServiceIntegrationTest in 1.919 seconds (process running for 2.331)
Hibernate: insert into compliance_deadlines (deadline_type,description,due_date,status,worker_id,id) values (?,?,?,?,?,default)
Hibernate: insert into compliance_deadlines (deadline_type,description,due_date,status,worker_id,id) values (?,?,?,?,?,default)
Hibernate: insert into compliance_deadlines (deadline_type,description,due_date,status,worker_id,id) values (?,?,?,?,?,default)
Hibernate: insert into compliance_deadlines (deadline_type,description,due_date,status,worker_id,id) values (?,?,?,?,?,default)
Hibernate: insert into compliance_deadlines (deadline_type,description,due_date,status,worker_id,id) values (?,?,?,?,?,default)
Hibernate: select cd1_0.id,cd1_0.deadline_type,cd1_0.description,cd1_0.due_date,cd1_0.status,cd1_0.worker_id from compliance_deadlines cd1_0 where cd1_0.due_date<? and cd1_0.status<>?
Hibernate: insert into compliance_deadlines (deadline_type,description,due_date,status,worker_id,id) values (?,?,?,?,?,default)
Hibernate: insert into compliance_deadlines (deadline_type,description,due_date,status,worker_id,id) values (?,?,?,?,?,default)
Hibernate: insert into compliance_deadlines (deadline_type,description,due_date,status,worker_id,id) values (?,?,?,?,?,default)
Hibernate: insert into compliance_deadlines (deadline_type,description,due_date,status,worker_id,id) values (?,?,?,?,?,default)
Hibernate: insert into compliance_deadlines (deadline_type,description,due_date,status,worker_id,id) values (?,?,?,?,?,default)
Hibernate: insert into compliance_deadlines (deadline_type,description,due_date,status,worker_id,id) values (?,?,?,?,?,default)
Hibernate: insert into compliance_deadlines (deadline_type,description,due_date,status,worker_id,id) values (?,?,?,?,?,default)
Hibernate: select cd1_0.id,cd1_0.deadline_type,cd1_0.description,cd1_0.due_date,cd1_0.status,cd1_0.worker_id from compliance_deadlines cd1_0 where cd1_0.worker_id=?
Hibernate: insert into compliance_deadlines (deadline_type,description,due_date,status,worker_id,id) values (?,?,?,?,?,default)
Hibernate: insert into compliance_deadlines (deadline_type,description,due_date,status,worker_id,id) values (?,?,?,?,?,default)
Hibernate: insert into compliance_deadlines (deadline_type,description,due_date,status,worker_id,id) values (?,?,?,?,?,default)
Hibernate: insert into compliance_deadlines (deadline_type,description,due_date,status,worker_id,id) values (?,?,?,?,?,default)
Hibernate: insert into compliance_deadlines (deadline_type,description,due_date,status,worker_id,id) values (?,?,?,?,?,default)
Hibernate: select cd1_0.id,cd1_0.deadline_type,cd1_0.description,cd1_0.due_date,cd1_0.status,cd1_0.worker_id from compliance_deadlines cd1_0 where cd1_0.status in (?)
]]></system-out>
  <system-err><![CDATA[WARNING: A Java agent has been loaded dynamically (/Users/mojaeyeong/.gradle/caches/modules-2/files-2.1/net.bytebuddy/byte-buddy-agent/1.14.19/154da3a65b4f4a909d3e5bdec55d1b2b4cbb6ce1/byte-buddy-agent-1.14.19.jar)
WARNING: If a serviceability tool is in use, please run with -XX:+EnableDynamicAgentLoading to hide this warning
WARNING: If a serviceability tool is not in use, please run with -Djdk.instrument.traceUsage for more information
WARNING: Dynamic loading of agents will be disallowed by default in a future release
]]></system-err>
</testsuite>
